0 info it worked if it ends with ok
1 verbose cli [ '/usr/local/bin/iojs',
1 verbose cli   '/usr/local/bin/npm',
1 verbose cli   'install',
1 verbose cli   '–g',
1 verbose cli   'n' ]
2 info using npm@2.9.0
3 info using node@v2.0.1
4 verbose install initial load of /Users/marklong/Documents/mywork/GalaxyUI/package.json
5 warn package.json GalaxyUI@0.0.1 No repository field.
6 verbose installManyTop reading scoped package data from /Users/marklong/Documents/mywork/GalaxyUI/node_modules/autoprefixer-core/package.json
7 verbose installManyTop reading scoped package data from /Users/marklong/Documents/mywork/GalaxyUI/node_modules/grunt/package.json
8 verbose installManyTop reading scoped package data from /Users/marklong/Documents/mywork/GalaxyUI/node_modules/grunt-contrib-concat/package.json
9 verbose installManyTop reading scoped package data from /Users/marklong/Documents/mywork/GalaxyUI/node_modules/grunt-contrib-copy/package.json
10 verbose installManyTop reading scoped package data from /Users/marklong/Documents/mywork/GalaxyUI/node_modules/grunt-contrib-cssmin/package.json
11 verbose installManyTop reading scoped package data from /Users/marklong/Documents/mywork/GalaxyUI/node_modules/grunt-contrib-sass/package.json
12 verbose installManyTop reading scoped package data from /Users/marklong/Documents/mywork/GalaxyUI/node_modules/grunt-contrib-uglify/package.json
13 verbose installManyTop reading scoped package data from /Users/marklong/Documents/mywork/GalaxyUI/node_modules/grunt-contrib-watch/package.json
14 verbose installManyTop reading scoped package data from /Users/marklong/Documents/mywork/GalaxyUI/node_modules/grunt-cssjoin/package.json
15 verbose installManyTop reading scoped package data from /Users/marklong/Documents/mywork/GalaxyUI/node_modules/grunt-postcss/package.json
16 verbose installManyTop reading scoped package data from /Users/marklong/Documents/mywork/GalaxyUI/node_modules/load-grunt-tasks/package.json
17 verbose installManyTop reading scoped package data from /Users/marklong/Documents/mywork/GalaxyUI/node_modules/postcss/package.json
18 verbose readDependencies loading dependencies from /Users/marklong/Documents/mywork/GalaxyUI/package.json
19 silly cache add args [ '–g', null ]
20 verbose cache add spec –g
21 silly cache add args [ 'n', null ]
22 verbose cache add spec n
23 silly cache add parsed spec { raw: '–g',
23 silly cache add   scope: null,
23 silly cache add   name: null,
23 silly cache add   rawSpec: '–g',
23 silly cache add   spec: '/Users/marklong/Documents/mywork/GalaxyUI/–g',
23 silly cache add   type: 'local' }
24 silly cache add parsed spec { raw: 'n',
24 silly cache add   scope: null,
24 silly cache add   name: 'n',
24 silly cache add   rawSpec: '',
24 silly cache add   spec: '*',
24 silly cache add   type: 'range' }
25 silly addNamed n@*
26 verbose addNamed "*" is a valid semver range for n
27 silly addNameRange { name: 'n', range: '*', hasData: false }
28 silly mapToRegistry name n
29 silly mapToRegistry using default registry
30 silly mapToRegistry registry https://registry.npmjs.org/
31 silly mapToRegistry uri https://registry.npmjs.org/n
32 verbose addNameRange registry:https://registry.npmjs.org/n not in flight; fetching
33 error addLocal Could not install /Users/marklong/Documents/mywork/GalaxyUI/–g
34 verbose request uri https://registry.npmjs.org/n
35 verbose request no auth needed
36 info attempt registry request try #1 at 14:50:47
37 verbose request id 2557f6dc71551778
38 verbose etag "EZ8AOQ82T8VRP1V27JYI9YN9V"
39 http request GET https://registry.npmjs.org/n
40 http 304 https://registry.npmjs.org/n
41 silly get cb [ 304,
41 silly get   { date: 'Tue, 12 May 2015 06:50:49 GMT',
41 silly get     via: '1.1 varnish',
41 silly get     'cache-control': 'max-age=60',
41 silly get     etag: '"EZ8AOQ82T8VRP1V27JYI9YN9V"',
41 silly get     age: '46',
41 silly get     connection: 'keep-alive',
41 silly get     'x-served-by': 'cache-nrt6127-NRT',
41 silly get     'x-cache': 'HIT',
41 silly get     'x-cache-hits': '1',
41 silly get     'x-timer': 'S1431413449.580825,VS0,VE0',
41 silly get     vary: 'Accept' } ]
42 verbose etag https://registry.npmjs.org/n from cache
43 verbose get saving n to /Users/marklong/.npm/registry.npmjs.org/n/.cache.json
44 silly addNameRange number 2 { name: 'n', range: '*', hasData: true }
45 silly addNameRange versions [ 'n',
45 silly addNameRange   [ '0.0.1',
45 silly addNameRange     '0.0.2',
45 silly addNameRange     '0.0.3',
45 silly addNameRange     '0.0.4',
45 silly addNameRange     '0.1.0',
45 silly addNameRange     '0.1.1',
45 silly addNameRange     '0.1.2',
45 silly addNameRange     '0.2.0',
45 silly addNameRange     '0.2.1',
45 silly addNameRange     '0.2.2',
45 silly addNameRange     '0.3.0',
45 silly addNameRange     '0.4.0',
45 silly addNameRange     '0.4.1',
45 silly addNameRange     '0.4.2',
45 silly addNameRange     '0.5.0',
45 silly addNameRange     '0.5.1',
45 silly addNameRange     '0.5.2',
45 silly addNameRange     '0.5.3',
45 silly addNameRange     '0.5.4',
45 silly addNameRange     '0.6.0',
45 silly addNameRange     '0.6.1',
45 silly addNameRange     '0.7.0',
45 silly addNameRange     '0.7.1',
45 silly addNameRange     '0.7.2',
45 silly addNameRange     '0.7.3',
45 silly addNameRange     '0.8.0',
45 silly addNameRange     '0.8.1',
45 silly addNameRange     '0.8.2',
45 silly addNameRange     '0.9.0',
45 silly addNameRange     '0.9.1',
45 silly addNameRange     '0.9.2',
45 silly addNameRange     '0.9.3',
45 silly addNameRange     '1.0.0',
45 silly addNameRange     '1.1.0',
45 silly addNameRange     '1.2.1',
45 silly addNameRange     '1.2.2',
45 silly addNameRange     '1.2.3',
45 silly addNameRange     '1.2.4',
45 silly addNameRange     '1.2.5',
45 silly addNameRange     '1.2.6',
45 silly addNameRange     '1.2.7',
45 silly addNameRange     '1.2.8',
45 silly addNameRange     '1.2.9',
45 silly addNameRange     '1.2.11',
45 silly addNameRange     '1.2.13',
45 silly addNameRange     '1.2.14',
45 silly addNameRange     '1.3.0' ] ]
46 silly addNamed n@1.3.0
47 verbose addNamed "1.3.0" is a plain semver version for n
48 silly cache afterAdd n@1.3.0
49 verbose afterAdd /Users/marklong/.npm/n/1.3.0/package/package.json not in flight; writing
50 verbose afterAdd /Users/marklong/.npm/n/1.3.0/package/package.json written
51 verbose stack Error: ENOENT: no such file or directory, open '/Users/marklong/Documents/mywork/GalaxyUI/–g'
51 verbose stack     at Error (native)
52 verbose cwd /Users/marklong/Documents/mywork/GalaxyUI
53 error Darwin 14.3.0
54 error argv "/usr/local/bin/iojs" "/usr/local/bin/npm" "install" "–g" "n"
55 error node v2.0.1
56 error npm  v2.9.0
57 error path /Users/marklong/Documents/mywork/GalaxyUI/–g
58 error code ENOENT
59 error errno -2
60 error syscall open
61 error enoent ENOENT: no such file or directory, open '/Users/marklong/Documents/mywork/GalaxyUI/–g'
61 error enoent This is most likely not a problem with npm itself
61 error enoent and is related to npm not being able to find a file.
62 verbose exit [ -2, true ]
